2025-12-18 16:14:00 INFO  org.example.lab5.ConsoleApp - Application starting...
2025-12-18 16:14:00 DEBUG org.example.lab5.ConsoleApp - Starting main application loop
2025-12-18 16:14:13 DEBUG org.example.lab5.ConsoleApp - User selected menu option '9'
2025-12-18 16:19:35 INFO  org.example.lab5.ConsoleApp - Application starting...
2025-12-18 16:19:35 DEBUG org.example.lab5.ConsoleApp - Starting main application loop
2025-12-18 16:19:41 DEBUG org.example.lab5.ConsoleApp - User selected menu option '1'
2025-12-18 16:19:41 INFO  org.example.lab5.ConsoleApp - Loading students from file: students.csv
2025-12-18 16:19:41 INFO  org.example.lab5.ConsoleApp - Successfully imported 0 students
2025-12-18 16:21:30 INFO  org.example.lab5.ConsoleApp - Application starting...
2025-12-18 16:21:30 INFO  org.example.lab5.ConfigManager - Loaded configuration from console.properties
2025-12-18 16:21:30 DEBUG org.example.lab5.ConsoleApp - Starting main application loop
2025-12-18 16:21:35 DEBUG org.example.lab5.ConsoleApp - User selected menu option '1'
2025-12-18 16:21:35 INFO  org.example.lab5.ConsoleApp - Loading students from file: students.csv
2025-12-18 16:21:35 DEBUG org.example.lab5.Person - Created Person id=0000001 name=Anna Kowalska birth=15.03.2003 gender=FEMALE
2025-12-18 16:21:35 INFO  org.example.lab5.Student - New Student created: index=S12345 personId=0000001
2025-12-18 16:21:35 DEBUG org.example.lab5.Student - Added grade=5.0 to student index=S12345 (now 1 grades)
2025-12-18 16:21:35 DEBUG org.example.lab5.Student - Added grade=4.5 to student index=S12345 (now 2 grades)
2025-12-18 16:21:35 DEBUG org.example.lab5.Student - Added grade=4.5 to student index=S12345 (now 3 grades)
2025-12-18 16:21:35 DEBUG org.example.lab5.Student - Added grade=5.0 to student index=S12345 (now 4 grades)
2025-12-18 16:21:35 DEBUG org.example.lab5.Person - Created Person id=0000002 name=Piotr Nowak birth=02.09.2002 gender=MALE
2025-12-18 16:21:35 INFO  org.example.lab5.Student - New Student created: index=S12346 personId=0000002
2025-12-18 16:21:35 DEBUG org.example.lab5.Student - Added grade=4.0 to student index=S12346 (now 1 grades)
2025-12-18 16:21:35 DEBUG org.example.lab5.Student - Added grade=4.0 to student index=S12346 (now 2 grades)
2025-12-18 16:21:35 DEBUG org.example.lab5.Student - Added grade=3.5 to student index=S12346 (now 3 grades)
2025-12-18 16:21:35 DEBUG org.example.lab5.Student - Added grade=4.5 to student index=S12346 (now 4 grades)
2025-12-18 16:21:35 DEBUG org.example.lab5.Person - Created Person id=0000003 name=Julia Mazur birth=01.01.2004 gender=FEMALE
2025-12-18 16:21:35 INFO  org.example.lab5.Student - New Student created: index=S12347 personId=0000003
2025-12-18 16:21:35 DEBUG org.example.lab5.Student - Added grade=3.5 to student index=S12347 (now 1 grades)
2025-12-18 16:21:35 DEBUG org.example.lab5.Student - Added grade=3.0 to student index=S12347 (now 2 grades)
2025-12-18 16:21:35 DEBUG org.example.lab5.Student - Added grade=4.0 to student index=S12347 (now 3 grades)
2025-12-18 16:21:35 DEBUG org.example.lab5.Student - Added grade=3.5 to student index=S12347 (now 4 grades)
2025-12-18 16:21:35 DEBUG org.example.lab5.Person - Created Person id=0000004 name=Jan Wisniewski birth=12.06.2001 gender=MALE
2025-12-18 16:21:35 INFO  org.example.lab5.Student - New Student created: index=S12348 personId=0000004
2025-12-18 16:21:35 DEBUG org.example.lab5.Student - Added grade=5.0 to student index=S12348 (now 1 grades)
2025-12-18 16:21:35 DEBUG org.example.lab5.Student - Added grade=5.0 to student index=S12348 (now 2 grades)
2025-12-18 16:21:35 DEBUG org.example.lab5.Student - Added grade=4.5 to student index=S12348 (now 3 grades)
2025-12-18 16:21:35 DEBUG org.example.lab5.Student - Added grade=5.0 to student index=S12348 (now 4 grades)
2025-12-18 16:21:35 DEBUG org.example.lab5.Person - Created Person id=0000005 name=Maria Wojcik birth=25.11.2003 gender=FEMALE
2025-12-18 16:21:35 INFO  org.example.lab5.Student - New Student created: index=S12349 personId=0000005
2025-12-18 16:21:35 DEBUG org.example.lab5.Student - Added grade=4.5 to student index=S12349 (now 1 grades)
2025-12-18 16:21:35 DEBUG org.example.lab5.Student - Added grade=4.0 to student index=S12349 (now 2 grades)
2025-12-18 16:21:35 DEBUG org.example.lab5.Student - Added grade=4.5 to student index=S12349 (now 3 grades)
2025-12-18 16:21:35 DEBUG org.example.lab5.Student - Added grade=4.0 to student index=S12349 (now 4 grades)
2025-12-18 16:21:35 DEBUG org.example.lab5.Person - Created Person id=0000006 name=Tomasz Kaminski birth=08.04.2002 gender=MALE
2025-12-18 16:21:35 INFO  org.example.lab5.Student - New Student created: index=S12350 personId=0000006
2025-12-18 16:21:35 DEBUG org.example.lab5.Student - Added grade=3.0 to student index=S12350 (now 1 grades)
2025-12-18 16:21:35 DEBUG org.example.lab5.Student - Added grade=3.5 to student index=S12350 (now 2 grades)
2025-12-18 16:21:35 DEBUG org.example.lab5.Student - Added grade=3.0 to student index=S12350 (now 3 grades)
2025-12-18 16:21:35 DEBUG org.example.lab5.Student - Added grade=3.5 to student index=S12350 (now 4 grades)
2025-12-18 16:21:35 DEBUG org.example.lab5.Person - Created Person id=0000007 name=Katarzyna Lewandowska birth=19.08.2004 gender=FEMALE
2025-12-18 16:21:35 INFO  org.example.lab5.Student - New Student created: index=S12351 personId=0000007
2025-12-18 16:21:35 DEBUG org.example.lab5.Student - Added grade=4.0 to student index=S12351 (now 1 grades)
2025-12-18 16:21:35 DEBUG org.example.lab5.Student - Added grade=4.5 to student index=S12351 (now 2 grades)
2025-12-18 16:21:35 DEBUG org.example.lab5.Student - Added grade=4.0 to student index=S12351 (now 3 grades)
2025-12-18 16:21:35 DEBUG org.example.lab5.Student - Added grade=4.5 to student index=S12351 (now 4 grades)
2025-12-18 16:21:35 DEBUG org.example.lab5.Person - Created Person id=0000008 name=Michal Zielinski birth=30.12.2001 gender=MALE
2025-12-18 16:21:35 INFO  org.example.lab5.Student - New Student created: index=S12352 personId=0000008
2025-12-18 16:21:35 DEBUG org.example.lab5.Student - Added grade=5.0 to student index=S12352 (now 1 grades)
2025-12-18 16:21:35 DEBUG org.example.lab5.Student - Added grade=4.5 to student index=S12352 (now 2 grades)
2025-12-18 16:21:35 DEBUG org.example.lab5.Student - Added grade=5.0 to student index=S12352 (now 3 grades)
2025-12-18 16:21:35 DEBUG org.example.lab5.Student - Added grade=4.5 to student index=S12352 (now 4 grades)
2025-12-18 16:21:35 INFO  org.example.lab5.ConsoleApp - Successfully imported 8 students
2025-12-18 16:25:42 DEBUG org.example.lab5.ConsoleApp - User selected menu option '9'
2025-12-18 16:25:54 DEBUG org.example.lab5.ConsoleApp - User selected menu option '12'
2025-12-18 16:28:47 DEBUG org.example.lab5.ConsoleApp - User selected menu option '2'
2025-12-18 16:28:47 INFO  org.example.lab5.ConsoleApp - Loading groups from file: groups.csv
2025-12-18 16:28:47 INFO  org.example.lab5.Group - Group created: name='G1', description='Java Monday'
2025-12-18 16:28:47 INFO  org.example.lab5.GroupRegistry - Assigned personId=0000001 to group=G1
2025-12-18 16:28:47 INFO  org.example.lab5.Group - Student index=S12345 added to group='G1'
2025-12-18 16:28:47 INFO  org.example.lab5.GroupRegistry - Assigned personId=0000002 to group=G1
2025-12-18 16:28:47 INFO  org.example.lab5.Group - Student index=S12346 added to group='G1'
2025-12-18 16:28:47 INFO  org.example.lab5.GroupRegistry - Assigned personId=0000003 to group=G1
2025-12-18 16:28:47 INFO  org.example.lab5.Group - Student index=S12347 added to group='G1'
2025-12-18 16:28:47 INFO  org.example.lab5.Group - Group created: name='G2', description='Java Friday'
2025-12-18 16:28:47 INFO  org.example.lab5.GroupRegistry - Assigned personId=0000004 to group=G2
2025-12-18 16:28:47 INFO  org.example.lab5.Group - Student index=S12348 added to group='G2'
2025-12-18 16:28:47 INFO  org.example.lab5.GroupRegistry - Assigned personId=0000005 to group=G2
2025-12-18 16:28:47 INFO  org.example.lab5.Group - Student index=S12349 added to group='G2'
2025-12-18 16:28:47 INFO  org.example.lab5.Group - Group created: name='G3', description='Python Basics'
2025-12-18 16:28:47 INFO  org.example.lab5.GroupRegistry - Assigned personId=0000006 to group=G3
2025-12-18 16:28:47 INFO  org.example.lab5.Group - Student index=S12350 added to group='G3'
2025-12-18 16:28:47 INFO  org.example.lab5.GroupRegistry - Assigned personId=0000007 to group=G3
2025-12-18 16:28:47 INFO  org.example.lab5.Group - Student index=S12351 added to group='G3'
2025-12-18 16:28:47 INFO  org.example.lab5.GroupRegistry - Assigned personId=0000008 to group=G3
2025-12-18 16:28:47 INFO  org.example.lab5.Group - Student index=S12352 added to group='G3'
2025-12-18 16:28:47 INFO  org.example.lab5.ConsoleApp - Successfully imported 3 groups
2025-12-18 16:28:59 DEBUG org.example.lab5.ConsoleApp - User selected menu option '10'
2025-12-19 08:56:12 INFO  org.example.lab5.ConsoleApp - Application starting...
2025-12-19 08:56:12 INFO  org.example.lab5.ConfigManager - Loaded configuration from console.properties
2025-12-19 08:56:12 DEBUG org.example.lab5.ConsoleApp - Starting main application loop
2025-12-19 08:56:35 DEBUG org.example.lab5.ConsoleApp - User selected menu option '1'
2025-12-19 08:56:35 INFO  org.example.lab5.ConsoleApp - Loading students from file: students.csv
2025-12-19 08:56:35 DEBUG org.example.lab5.Person - Created Person id=0000001 name=Anna Kowalska birth=15.03.2003 gender=FEMALE
2025-12-19 08:56:35 INFO  org.example.lab5.Student - New Student created: index=S12345 personId=0000001
2025-12-19 08:56:35 DEBUG org.example.lab5.Student - Added grade=5.0 to student index=S12345 (now 1 grades)
2025-12-19 08:56:35 DEBUG org.example.lab5.Student - Added grade=4.5 to student index=S12345 (now 2 grades)
2025-12-19 08:56:35 DEBUG org.example.lab5.Student - Added grade=4.5 to student index=S12345 (now 3 grades)
2025-12-19 08:56:35 DEBUG org.example.lab5.Student - Added grade=5.0 to student index=S12345 (now 4 grades)
2025-12-19 08:56:35 DEBUG org.example.lab5.Person - Created Person id=0000002 name=Piotr Nowak birth=02.09.2002 gender=MALE
2025-12-19 08:56:35 INFO  org.example.lab5.Student - New Student created: index=S12346 personId=0000002
2025-12-19 08:56:35 DEBUG org.example.lab5.Student - Added grade=4.0 to student index=S12346 (now 1 grades)
2025-12-19 08:56:35 DEBUG org.example.lab5.Student - Added grade=4.0 to student index=S12346 (now 2 grades)
2025-12-19 08:56:35 DEBUG org.example.lab5.Student - Added grade=3.5 to student index=S12346 (now 3 grades)
2025-12-19 08:56:35 DEBUG org.example.lab5.Student - Added grade=4.5 to student index=S12346 (now 4 grades)
2025-12-19 08:56:35 DEBUG org.example.lab5.Person - Created Person id=0000003 name=Julia Mazur birth=01.01.2004 gender=FEMALE
2025-12-19 08:56:35 INFO  org.example.lab5.Student - New Student created: index=S12347 personId=0000003
2025-12-19 08:56:35 DEBUG org.example.lab5.Student - Added grade=3.5 to student index=S12347 (now 1 grades)
2025-12-19 08:56:35 DEBUG org.example.lab5.Student - Added grade=3.0 to student index=S12347 (now 2 grades)
2025-12-19 08:56:35 DEBUG org.example.lab5.Student - Added grade=4.0 to student index=S12347 (now 3 grades)
2025-12-19 08:56:35 DEBUG org.example.lab5.Student - Added grade=3.5 to student index=S12347 (now 4 grades)
2025-12-19 08:56:35 DEBUG org.example.lab5.Person - Created Person id=0000004 name=Jan Wisniewski birth=12.06.2001 gender=MALE
2025-12-19 08:56:35 INFO  org.example.lab5.Student - New Student created: index=S12348 personId=0000004
2025-12-19 08:56:35 DEBUG org.example.lab5.Student - Added grade=5.0 to student index=S12348 (now 1 grades)
2025-12-19 08:56:35 DEBUG org.example.lab5.Student - Added grade=5.0 to student index=S12348 (now 2 grades)
2025-12-19 08:56:35 DEBUG org.example.lab5.Student - Added grade=4.5 to student index=S12348 (now 3 grades)
2025-12-19 08:56:35 DEBUG org.example.lab5.Student - Added grade=5.0 to student index=S12348 (now 4 grades)
2025-12-19 08:56:35 DEBUG org.example.lab5.Person - Created Person id=0000005 name=Maria Wojcik birth=25.11.2003 gender=FEMALE
2025-12-19 08:56:35 INFO  org.example.lab5.Student - New Student created: index=S12349 personId=0000005
2025-12-19 08:56:35 DEBUG org.example.lab5.Student - Added grade=4.5 to student index=S12349 (now 1 grades)
2025-12-19 08:56:35 DEBUG org.example.lab5.Student - Added grade=4.0 to student index=S12349 (now 2 grades)
2025-12-19 08:56:35 DEBUG org.example.lab5.Student - Added grade=4.5 to student index=S12349 (now 3 grades)
2025-12-19 08:56:35 DEBUG org.example.lab5.Student - Added grade=4.0 to student index=S12349 (now 4 grades)
2025-12-19 08:56:35 DEBUG org.example.lab5.Person - Created Person id=0000006 name=Tomasz Kaminski birth=08.04.2002 gender=MALE
2025-12-19 08:56:35 INFO  org.example.lab5.Student - New Student created: index=S12350 personId=0000006
2025-12-19 08:56:35 DEBUG org.example.lab5.Student - Added grade=3.0 to student index=S12350 (now 1 grades)
2025-12-19 08:56:35 DEBUG org.example.lab5.Student - Added grade=3.5 to student index=S12350 (now 2 grades)
2025-12-19 08:56:35 DEBUG org.example.lab5.Student - Added grade=3.0 to student index=S12350 (now 3 grades)
2025-12-19 08:56:35 DEBUG org.example.lab5.Student - Added grade=3.5 to student index=S12350 (now 4 grades)
2025-12-19 08:56:35 DEBUG org.example.lab5.Person - Created Person id=0000007 name=Katarzyna Lewandowska birth=19.08.2004 gender=FEMALE
2025-12-19 08:56:35 INFO  org.example.lab5.Student - New Student created: index=S12351 personId=0000007
2025-12-19 08:56:35 DEBUG org.example.lab5.Student - Added grade=4.0 to student index=S12351 (now 1 grades)
2025-12-19 08:56:35 DEBUG org.example.lab5.Student - Added grade=4.5 to student index=S12351 (now 2 grades)
2025-12-19 08:56:35 DEBUG org.example.lab5.Student - Added grade=4.0 to student index=S12351 (now 3 grades)
2025-12-19 08:56:35 DEBUG org.example.lab5.Student - Added grade=4.5 to student index=S12351 (now 4 grades)
2025-12-19 08:56:35 DEBUG org.example.lab5.Person - Created Person id=0000008 name=Michal Zielinski birth=30.12.2001 gender=MALE
2025-12-19 08:56:35 INFO  org.example.lab5.Student - New Student created: index=S12352 personId=0000008
2025-12-19 08:56:35 DEBUG org.example.lab5.Student - Added grade=5.0 to student index=S12352 (now 1 grades)
2025-12-19 08:56:35 DEBUG org.example.lab5.Student - Added grade=4.5 to student index=S12352 (now 2 grades)
2025-12-19 08:56:35 DEBUG org.example.lab5.Student - Added grade=5.0 to student index=S12352 (now 3 grades)
2025-12-19 08:56:35 DEBUG org.example.lab5.Student - Added grade=4.5 to student index=S12352 (now 4 grades)
2025-12-19 08:56:35 INFO  org.example.lab5.ConsoleApp - Successfully imported 8 students
2025-12-19 08:56:44 INFO  org.example.lab5.ConsoleApp - Application starting...
2025-12-19 08:56:44 INFO  org.example.lab5.ConfigManager - Loaded configuration from console.properties
2025-12-19 08:56:44 DEBUG org.example.lab5.ConsoleApp - Starting main application loop
2025-12-19 08:57:46 DEBUG org.example.lab5.ConsoleApp - User selected menu option '1'
2025-12-19 08:57:46 INFO  org.example.lab5.ConsoleApp - Loading students from file: students.csv
2025-12-19 08:57:46 DEBUG org.example.lab5.Person - Created Person id=0000001 name=Anna Kowalska birth=15.03.2003 gender=FEMALE
2025-12-19 08:57:46 INFO  org.example.lab5.Student - New Student created: index=S12345 personId=0000001
2025-12-19 08:57:46 DEBUG org.example.lab5.Student - Added grade=5.0 to student index=S12345 (now 1 grades)
2025-12-19 08:57:46 DEBUG org.example.lab5.Student - Added grade=4.5 to student index=S12345 (now 2 grades)
2025-12-19 08:57:46 DEBUG org.example.lab5.Student - Added grade=4.5 to student index=S12345 (now 3 grades)
2025-12-19 08:57:46 DEBUG org.example.lab5.Student - Added grade=5.0 to student index=S12345 (now 4 grades)
2025-12-19 08:57:46 DEBUG org.example.lab5.Person - Created Person id=0000002 name=Piotr Nowak birth=02.09.2002 gender=MALE
2025-12-19 08:57:46 INFO  org.example.lab5.Student - New Student created: index=S12346 personId=0000002
2025-12-19 08:57:46 DEBUG org.example.lab5.Student - Added grade=4.0 to student index=S12346 (now 1 grades)
2025-12-19 08:57:46 DEBUG org.example.lab5.Student - Added grade=4.0 to student index=S12346 (now 2 grades)
2025-12-19 08:57:46 DEBUG org.example.lab5.Student - Added grade=3.5 to student index=S12346 (now 3 grades)
2025-12-19 08:57:46 DEBUG org.example.lab5.Student - Added grade=4.5 to student index=S12346 (now 4 grades)
2025-12-19 08:57:46 DEBUG org.example.lab5.Person - Created Person id=0000003 name=Julia Mazur birth=01.01.2004 gender=FEMALE
2025-12-19 08:57:46 INFO  org.example.lab5.Student - New Student created: index=S12347 personId=0000003
2025-12-19 08:57:46 DEBUG org.example.lab5.Student - Added grade=3.5 to student index=S12347 (now 1 grades)
2025-12-19 08:57:46 DEBUG org.example.lab5.Student - Added grade=3.0 to student index=S12347 (now 2 grades)
2025-12-19 08:57:46 DEBUG org.example.lab5.Student - Added grade=4.0 to student index=S12347 (now 3 grades)
2025-12-19 08:57:46 DEBUG org.example.lab5.Student - Added grade=3.5 to student index=S12347 (now 4 grades)
2025-12-19 08:57:46 DEBUG org.example.lab5.Person - Created Person id=0000004 name=Jan Wisniewski birth=12.06.2001 gender=MALE
2025-12-19 08:57:46 INFO  org.example.lab5.Student - New Student created: index=S12348 personId=0000004
2025-12-19 08:57:46 DEBUG org.example.lab5.Student - Added grade=5.0 to student index=S12348 (now 1 grades)
2025-12-19 08:57:46 DEBUG org.example.lab5.Student - Added grade=5.0 to student index=S12348 (now 2 grades)
2025-12-19 08:57:46 DEBUG org.example.lab5.Student - Added grade=4.5 to student index=S12348 (now 3 grades)
2025-12-19 08:57:46 DEBUG org.example.lab5.Student - Added grade=5.0 to student index=S12348 (now 4 grades)
2025-12-19 08:57:46 DEBUG org.example.lab5.Person - Created Person id=0000005 name=Maria Wojcik birth=25.11.2003 gender=FEMALE
2025-12-19 08:57:46 INFO  org.example.lab5.Student - New Student created: index=S12349 personId=0000005
2025-12-19 08:57:46 DEBUG org.example.lab5.Student - Added grade=4.5 to student index=S12349 (now 1 grades)
2025-12-19 08:57:46 DEBUG org.example.lab5.Student - Added grade=4.0 to student index=S12349 (now 2 grades)
2025-12-19 08:57:46 DEBUG org.example.lab5.Student - Added grade=4.5 to student index=S12349 (now 3 grades)
2025-12-19 08:57:46 DEBUG org.example.lab5.Student - Added grade=4.0 to student index=S12349 (now 4 grades)
2025-12-19 08:57:46 DEBUG org.example.lab5.Person - Created Person id=0000006 name=Tomasz Kaminski birth=08.04.2002 gender=MALE
2025-12-19 08:57:46 INFO  org.example.lab5.Student - New Student created: index=S12350 personId=0000006
2025-12-19 08:57:46 DEBUG org.example.lab5.Student - Added grade=3.0 to student index=S12350 (now 1 grades)
2025-12-19 08:57:46 DEBUG org.example.lab5.Student - Added grade=3.5 to student index=S12350 (now 2 grades)
2025-12-19 08:57:46 DEBUG org.example.lab5.Student - Added grade=3.0 to student index=S12350 (now 3 grades)
2025-12-19 08:57:46 DEBUG org.example.lab5.Student - Added grade=3.5 to student index=S12350 (now 4 grades)
2025-12-19 08:57:46 DEBUG org.example.lab5.Person - Created Person id=0000007 name=Katarzyna Lewandowska birth=19.08.2004 gender=FEMALE
2025-12-19 08:57:46 INFO  org.example.lab5.Student - New Student created: index=S12351 personId=0000007
2025-12-19 08:57:46 DEBUG org.example.lab5.Student - Added grade=4.0 to student index=S12351 (now 1 grades)
2025-12-19 08:57:46 DEBUG org.example.lab5.Student - Added grade=4.5 to student index=S12351 (now 2 grades)
2025-12-19 08:57:46 DEBUG org.example.lab5.Student - Added grade=4.0 to student index=S12351 (now 3 grades)
2025-12-19 08:57:46 DEBUG org.example.lab5.Student - Added grade=4.5 to student index=S12351 (now 4 grades)
2025-12-19 08:57:46 DEBUG org.example.lab5.Person - Created Person id=0000008 name=Michal Zielinski birth=30.12.2001 gender=MALE
2025-12-19 08:57:46 INFO  org.example.lab5.Student - New Student created: index=S12352 personId=0000008
2025-12-19 08:57:46 DEBUG org.example.lab5.Student - Added grade=5.0 to student index=S12352 (now 1 grades)
2025-12-19 08:57:46 DEBUG org.example.lab5.Student - Added grade=4.5 to student index=S12352 (now 2 grades)
2025-12-19 08:57:46 DEBUG org.example.lab5.Student - Added grade=5.0 to student index=S12352 (now 3 grades)
2025-12-19 08:57:46 DEBUG org.example.lab5.Student - Added grade=4.5 to student index=S12352 (now 4 grades)
2025-12-19 08:57:46 INFO  org.example.lab5.ConsoleApp - Successfully imported 8 students
2025-12-19 08:57:54 DEBUG org.example.lab5.ConsoleApp - User selected menu option '2'
2025-12-19 08:57:54 INFO  org.example.lab5.ConsoleApp - Loading groups from file: groups.csv
2025-12-19 08:57:54 INFO  org.example.lab5.Group - Group created: name='G1', description='Java Monday'
2025-12-19 08:57:54 INFO  org.example.lab5.GroupRegistry - Assigned personId=0000001 to group=G1
2025-12-19 08:57:54 INFO  org.example.lab5.Group - Student index=S12345 added to group='G1'
2025-12-19 08:57:54 INFO  org.example.lab5.GroupRegistry - Assigned personId=0000002 to group=G1
2025-12-19 08:57:54 INFO  org.example.lab5.Group - Student index=S12346 added to group='G1'
2025-12-19 08:57:54 INFO  org.example.lab5.GroupRegistry - Assigned personId=0000003 to group=G1
2025-12-19 08:57:54 INFO  org.example.lab5.Group - Student index=S12347 added to group='G1'
2025-12-19 08:57:54 INFO  org.example.lab5.Group - Group created: name='G2', description='Java Friday'
2025-12-19 08:57:54 INFO  org.example.lab5.GroupRegistry - Assigned personId=0000004 to group=G2
2025-12-19 08:57:54 INFO  org.example.lab5.Group - Student index=S12348 added to group='G2'
2025-12-19 08:57:54 INFO  org.example.lab5.GroupRegistry - Assigned personId=0000005 to group=G2
2025-12-19 08:57:54 INFO  org.example.lab5.Group - Student index=S12349 added to group='G2'
2025-12-19 08:57:54 INFO  org.example.lab5.Group - Group created: name='G3', description='Python Basics'
2025-12-19 08:57:54 INFO  org.example.lab5.GroupRegistry - Assigned personId=0000006 to group=G3
2025-12-19 08:57:54 INFO  org.example.lab5.Group - Student index=S12350 added to group='G3'
2025-12-19 08:57:54 INFO  org.example.lab5.GroupRegistry - Assigned personId=0000007 to group=G3
2025-12-19 08:57:54 INFO  org.example.lab5.Group - Student index=S12351 added to group='G3'
2025-12-19 08:57:54 INFO  org.example.lab5.GroupRegistry - Assigned personId=0000008 to group=G3
2025-12-19 08:57:54 INFO  org.example.lab5.Group - Student index=S12352 added to group='G3'
2025-12-19 08:57:54 INFO  org.example.lab5.ConsoleApp - Successfully imported 3 groups
2025-12-19 08:58:00 DEBUG org.example.lab5.ConsoleApp - User selected menu option '11'
2026-01-22 16:18:56 INFO  org.example.lab5.ConsoleApp - Application starting...
2026-01-22 16:18:56 INFO  org.example.lab5.ConfigManager - Loaded configuration from console.properties
2026-01-22 16:18:56 DEBUG org.example.lab5.ConsoleApp - Starting main application loop
2026-01-22 16:20:06 INFO  org.example.lab7.StudentManagerSwing - Starting Student Manager Swing application
2026-01-22 16:20:06 INFO  org.example.lab7.StudentManagerSwing - Initializing Swing GUI application
2026-01-22 16:20:06 INFO  org.example.lab5.ConfigManager - Loaded configuration from console.properties
2026-01-22 16:20:06 INFO  org.example.lab7.StudentManagerSwing - Swing GUI initialized successfully
2026-01-22 16:20:20 INFO  org.example.lab7.StudentManagerSwing - Loading students from CSV: C:\Users\Admin\Dev\english\students.csv
2026-01-22 16:20:20 DEBUG org.example.lab5.Person - Created Person id=0000001 name=Anna Kowalska birth=15.03.2003 gender=FEMALE
2026-01-22 16:20:20 INFO  org.example.lab5.Student - New Student created: index=S12345 personId=0000001
2026-01-22 16:20:20 DEBUG org.example.lab5.Student - Added grade=5.0 to student index=S12345 (now 1 grades)
2026-01-22 16:20:20 DEBUG org.example.lab5.Student - Added grade=4.5 to student index=S12345 (now 2 grades)
2026-01-22 16:20:20 DEBUG org.example.lab5.Student - Added grade=4.5 to student index=S12345 (now 3 grades)
2026-01-22 16:20:20 DEBUG org.example.lab5.Student - Added grade=5.0 to student index=S12345 (now 4 grades)
2026-01-22 16:20:20 DEBUG org.example.lab5.Person - Created Person id=0000002 name=Piotr Nowak birth=02.09.2002 gender=MALE
2026-01-22 16:20:20 INFO  org.example.lab5.Student - New Student created: index=S12346 personId=0000002
2026-01-22 16:20:20 DEBUG org.example.lab5.Student - Added grade=4.0 to student index=S12346 (now 1 grades)
2026-01-22 16:20:20 DEBUG org.example.lab5.Student - Added grade=4.0 to student index=S12346 (now 2 grades)
2026-01-22 16:20:20 DEBUG org.example.lab5.Student - Added grade=3.5 to student index=S12346 (now 3 grades)
2026-01-22 16:20:20 DEBUG org.example.lab5.Student - Added grade=4.5 to student index=S12346 (now 4 grades)
2026-01-22 16:20:20 DEBUG org.example.lab5.Person - Created Person id=0000003 name=Julia Mazur birth=01.01.2004 gender=FEMALE
2026-01-22 16:20:20 INFO  org.example.lab5.Student - New Student created: index=S12347 personId=0000003
2026-01-22 16:20:20 DEBUG org.example.lab5.Student - Added grade=3.5 to student index=S12347 (now 1 grades)
2026-01-22 16:20:20 DEBUG org.example.lab5.Student - Added grade=3.0 to student index=S12347 (now 2 grades)
2026-01-22 16:20:20 DEBUG org.example.lab5.Student - Added grade=4.0 to student index=S12347 (now 3 grades)
2026-01-22 16:20:20 DEBUG org.example.lab5.Student - Added grade=3.5 to student index=S12347 (now 4 grades)
2026-01-22 16:20:20 DEBUG org.example.lab5.Person - Created Person id=0000004 name=Jan Wisniewski birth=12.06.2001 gender=MALE
2026-01-22 16:20:20 INFO  org.example.lab5.Student - New Student created: index=S12348 personId=0000004
2026-01-22 16:20:20 DEBUG org.example.lab5.Student - Added grade=5.0 to student index=S12348 (now 1 grades)
2026-01-22 16:20:20 DEBUG org.example.lab5.Student - Added grade=5.0 to student index=S12348 (now 2 grades)
2026-01-22 16:20:20 DEBUG org.example.lab5.Student - Added grade=4.5 to student index=S12348 (now 3 grades)
2026-01-22 16:20:20 DEBUG org.example.lab5.Student - Added grade=5.0 to student index=S12348 (now 4 grades)
2026-01-22 16:20:20 DEBUG org.example.lab5.Person - Created Person id=0000005 name=Maria Wojcik birth=25.11.2003 gender=FEMALE
2026-01-22 16:20:20 INFO  org.example.lab5.Student - New Student created: index=S12349 personId=0000005
2026-01-22 16:20:20 DEBUG org.example.lab5.Student - Added grade=4.5 to student index=S12349 (now 1 grades)
2026-01-22 16:20:20 DEBUG org.example.lab5.Student - Added grade=4.0 to student index=S12349 (now 2 grades)
2026-01-22 16:20:20 DEBUG org.example.lab5.Student - Added grade=4.5 to student index=S12349 (now 3 grades)
2026-01-22 16:20:20 DEBUG org.example.lab5.Student - Added grade=4.0 to student index=S12349 (now 4 grades)
2026-01-22 16:20:20 DEBUG org.example.lab5.Person - Created Person id=0000006 name=Tomasz Kaminski birth=08.04.2002 gender=MALE
2026-01-22 16:20:20 INFO  org.example.lab5.Student - New Student created: index=S12350 personId=0000006
2026-01-22 16:20:20 DEBUG org.example.lab5.Student - Added grade=3.0 to student index=S12350 (now 1 grades)
2026-01-22 16:20:20 DEBUG org.example.lab5.Student - Added grade=3.5 to student index=S12350 (now 2 grades)
2026-01-22 16:20:20 DEBUG org.example.lab5.Student - Added grade=3.0 to student index=S12350 (now 3 grades)
2026-01-22 16:20:20 DEBUG org.example.lab5.Student - Added grade=3.5 to student index=S12350 (now 4 grades)
2026-01-22 16:20:20 DEBUG org.example.lab5.Person - Created Person id=0000007 name=Katarzyna Lewandowska birth=19.08.2004 gender=FEMALE
2026-01-22 16:20:20 INFO  org.example.lab5.Student - New Student created: index=S12351 personId=0000007
2026-01-22 16:20:20 DEBUG org.example.lab5.Student - Added grade=4.0 to student index=S12351 (now 1 grades)
2026-01-22 16:20:20 DEBUG org.example.lab5.Student - Added grade=4.5 to student index=S12351 (now 2 grades)
2026-01-22 16:20:20 DEBUG org.example.lab5.Student - Added grade=4.0 to student index=S12351 (now 3 grades)
2026-01-22 16:20:20 DEBUG org.example.lab5.Student - Added grade=4.5 to student index=S12351 (now 4 grades)
2026-01-22 16:20:20 DEBUG org.example.lab5.Person - Created Person id=0000008 name=Michal Zielinski birth=30.12.2001 gender=MALE
2026-01-22 16:20:20 INFO  org.example.lab5.Student - New Student created: index=S12352 personId=0000008
2026-01-22 16:20:20 DEBUG org.example.lab5.Student - Added grade=5.0 to student index=S12352 (now 1 grades)
2026-01-22 16:20:20 DEBUG org.example.lab5.Student - Added grade=4.5 to student index=S12352 (now 2 grades)
2026-01-22 16:20:20 DEBUG org.example.lab5.Student - Added grade=5.0 to student index=S12352 (now 3 grades)
2026-01-22 16:20:20 DEBUG org.example.lab5.Student - Added grade=4.5 to student index=S12352 (now 4 grades)
2026-01-22 16:20:22 INFO  org.example.lab7.StudentManagerSwing - Successfully imported 8 students
2026-01-22 16:20:39 INFO  org.example.lab7.StudentManagerSwing - Loading groups from CSV: C:\Users\Admin\Dev\english\students.csv
2026-01-22 16:20:39 INFO  org.example.lab5.Group - Group created: name='0000001', description='S12345'
2026-01-22 16:20:39 INFO  org.example.lab5.Group - Group created: name='0000002', description='S12346'
2026-01-22 16:20:39 INFO  org.example.lab5.Group - Group created: name='0000003', description='S12347'
2026-01-22 16:20:39 INFO  org.example.lab5.Group - Group created: name='0000004', description='S12348'
2026-01-22 16:20:39 INFO  org.example.lab5.Group - Group created: name='0000005', description='S12349'
2026-01-22 16:20:39 INFO  org.example.lab5.Group - Group created: name='0000006', description='S12350'
2026-01-22 16:20:39 INFO  org.example.lab5.Group - Group created: name='0000007', description='S12351'
2026-01-22 16:20:39 INFO  org.example.lab5.Group - Group created: name='0000008', description='S12352'
2026-01-22 16:20:41 INFO  org.example.lab7.StudentManagerSwing - Successfully imported 8 groups
2026-01-22 16:22:58 INFO  org.example.lab7.StudentManagerSwing - Starting Student Manager Swing application
2026-01-22 16:22:59 INFO  org.example.lab7.StudentManagerSwing - Initializing Swing GUI application
2026-01-22 16:22:59 INFO  org.example.lab5.ConfigManager - Loaded configuration from console.properties
2026-01-22 16:22:59 INFO  org.example.lab7.StudentManagerSwing - Swing GUI initialized successfully
2026-01-22 16:23:09 INFO  org.example.lab7.StudentManagerSwing - Loading students from CSV: C:\Users\Admin\Dev\english\students.csv
2026-01-22 16:23:09 DEBUG org.example.lab5.Person - Created Person id=0000001 name=Anna Kowalska birth=15.03.2003 gender=FEMALE
2026-01-22 16:23:09 INFO  org.example.lab5.Student - New Student created: index=S12345 personId=0000001
2026-01-22 16:23:09 DEBUG org.example.lab5.Student - Added grade=5.0 to student index=S12345 (now 1 grades)
2026-01-22 16:23:09 DEBUG org.example.lab5.Student - Added grade=4.5 to student index=S12345 (now 2 grades)
2026-01-22 16:23:09 DEBUG org.example.lab5.Student - Added grade=4.5 to student index=S12345 (now 3 grades)
2026-01-22 16:23:09 DEBUG org.example.lab5.Student - Added grade=5.0 to student index=S12345 (now 4 grades)
2026-01-22 16:23:09 DEBUG org.example.lab5.Person - Created Person id=0000002 name=Piotr Nowak birth=02.09.2002 gender=MALE
2026-01-22 16:23:09 INFO  org.example.lab5.Student - New Student created: index=S12346 personId=0000002
2026-01-22 16:23:09 DEBUG org.example.lab5.Student - Added grade=4.0 to student index=S12346 (now 1 grades)
2026-01-22 16:23:09 DEBUG org.example.lab5.Student - Added grade=4.0 to student index=S12346 (now 2 grades)
2026-01-22 16:23:09 DEBUG org.example.lab5.Student - Added grade=3.5 to student index=S12346 (now 3 grades)
2026-01-22 16:23:09 DEBUG org.example.lab5.Student - Added grade=4.5 to student index=S12346 (now 4 grades)
2026-01-22 16:23:09 DEBUG org.example.lab5.Person - Created Person id=0000003 name=Julia Mazur birth=01.01.2004 gender=FEMALE
2026-01-22 16:23:09 INFO  org.example.lab5.Student - New Student created: index=S12347 personId=0000003
2026-01-22 16:23:09 DEBUG org.example.lab5.Student - Added grade=3.5 to student index=S12347 (now 1 grades)
2026-01-22 16:23:09 DEBUG org.example.lab5.Student - Added grade=3.0 to student index=S12347 (now 2 grades)
2026-01-22 16:23:09 DEBUG org.example.lab5.Student - Added grade=4.0 to student index=S12347 (now 3 grades)
2026-01-22 16:23:09 DEBUG org.example.lab5.Student - Added grade=3.5 to student index=S12347 (now 4 grades)
2026-01-22 16:23:09 DEBUG org.example.lab5.Person - Created Person id=0000004 name=Jan Wisniewski birth=12.06.2001 gender=MALE
2026-01-22 16:23:09 INFO  org.example.lab5.Student - New Student created: index=S12348 personId=0000004
2026-01-22 16:23:09 DEBUG org.example.lab5.Student - Added grade=5.0 to student index=S12348 (now 1 grades)
2026-01-22 16:23:09 DEBUG org.example.lab5.Student - Added grade=5.0 to student index=S12348 (now 2 grades)
2026-01-22 16:23:09 DEBUG org.example.lab5.Student - Added grade=4.5 to student index=S12348 (now 3 grades)
2026-01-22 16:23:09 DEBUG org.example.lab5.Student - Added grade=5.0 to student index=S12348 (now 4 grades)
2026-01-22 16:23:09 DEBUG org.example.lab5.Person - Created Person id=0000005 name=Maria Wojcik birth=25.11.2003 gender=FEMALE
2026-01-22 16:23:09 INFO  org.example.lab5.Student - New Student created: index=S12349 personId=0000005
2026-01-22 16:23:09 DEBUG org.example.lab5.Student - Added grade=4.5 to student index=S12349 (now 1 grades)
2026-01-22 16:23:09 DEBUG org.example.lab5.Student - Added grade=4.0 to student index=S12349 (now 2 grades)
2026-01-22 16:23:09 DEBUG org.example.lab5.Student - Added grade=4.5 to student index=S12349 (now 3 grades)
2026-01-22 16:23:09 DEBUG org.example.lab5.Student - Added grade=4.0 to student index=S12349 (now 4 grades)
2026-01-22 16:23:09 DEBUG org.example.lab5.Person - Created Person id=0000006 name=Tomasz Kaminski birth=08.04.2002 gender=MALE
2026-01-22 16:23:09 INFO  org.example.lab5.Student - New Student created: index=S12350 personId=0000006
2026-01-22 16:23:09 DEBUG org.example.lab5.Student - Added grade=3.0 to student index=S12350 (now 1 grades)
2026-01-22 16:23:09 DEBUG org.example.lab5.Student - Added grade=3.5 to student index=S12350 (now 2 grades)
2026-01-22 16:23:09 DEBUG org.example.lab5.Student - Added grade=3.0 to student index=S12350 (now 3 grades)
2026-01-22 16:23:09 DEBUG org.example.lab5.Student - Added grade=3.5 to student index=S12350 (now 4 grades)
2026-01-22 16:23:09 DEBUG org.example.lab5.Person - Created Person id=0000007 name=Katarzyna Lewandowska birth=19.08.2004 gender=FEMALE
2026-01-22 16:23:09 INFO  org.example.lab5.Student - New Student created: index=S12351 personId=0000007
2026-01-22 16:23:09 DEBUG org.example.lab5.Student - Added grade=4.0 to student index=S12351 (now 1 grades)
2026-01-22 16:23:09 DEBUG org.example.lab5.Student - Added grade=4.5 to student index=S12351 (now 2 grades)
2026-01-22 16:23:09 DEBUG org.example.lab5.Student - Added grade=4.0 to student index=S12351 (now 3 grades)
2026-01-22 16:23:09 DEBUG org.example.lab5.Student - Added grade=4.5 to student index=S12351 (now 4 grades)
2026-01-22 16:23:09 DEBUG org.example.lab5.Person - Created Person id=0000008 name=Michal Zielinski birth=30.12.2001 gender=MALE
2026-01-22 16:23:09 INFO  org.example.lab5.Student - New Student created: index=S12352 personId=0000008
2026-01-22 16:23:09 DEBUG org.example.lab5.Student - Added grade=5.0 to student index=S12352 (now 1 grades)
2026-01-22 16:23:09 DEBUG org.example.lab5.Student - Added grade=4.5 to student index=S12352 (now 2 grades)
2026-01-22 16:23:09 DEBUG org.example.lab5.Student - Added grade=5.0 to student index=S12352 (now 3 grades)
2026-01-22 16:23:09 DEBUG org.example.lab5.Student - Added grade=4.5 to student index=S12352 (now 4 grades)
2026-01-22 16:23:14 INFO  org.example.lab7.StudentManagerSwing - Successfully imported 8 students (0 added to group)
2026-01-22 16:23:16 INFO  org.example.lab7.StudentManagerSwing - Displayed all 8 students (8 unassigned)
2026-01-22 16:24:05 INFO  org.example.lab7.StudentManagerSwing - Loading groups from CSV: C:\Users\Admin\Dev\english\groups.csv
2026-01-22 16:24:05 INFO  org.example.lab5.Group - Group created: name='G1', description='Java Monday'
2026-01-22 16:24:05 INFO  org.example.lab5.GroupRegistry - Assigned personId=0000001 to group=G1
2026-01-22 16:24:05 INFO  org.example.lab5.Group - Student index=S12345 added to group='G1'
2026-01-22 16:24:05 INFO  org.example.lab5.GroupRegistry - Assigned personId=0000002 to group=G1
2026-01-22 16:24:05 INFO  org.example.lab5.Group - Student index=S12346 added to group='G1'
2026-01-22 16:24:05 INFO  org.example.lab5.GroupRegistry - Assigned personId=0000003 to group=G1
2026-01-22 16:24:05 INFO  org.example.lab5.Group - Student index=S12347 added to group='G1'
2026-01-22 16:24:05 INFO  org.example.lab5.Group - Group created: name='G2', description='Java Friday'
2026-01-22 16:24:05 INFO  org.example.lab5.GroupRegistry - Assigned personId=0000004 to group=G2
2026-01-22 16:24:05 INFO  org.example.lab5.Group - Student index=S12348 added to group='G2'
2026-01-22 16:24:05 INFO  org.example.lab5.GroupRegistry - Assigned personId=0000005 to group=G2
2026-01-22 16:24:05 INFO  org.example.lab5.Group - Student index=S12349 added to group='G2'
2026-01-22 16:24:05 INFO  org.example.lab5.Group - Group created: name='G3', description='Python Basics'
2026-01-22 16:24:05 INFO  org.example.lab5.GroupRegistry - Assigned personId=0000006 to group=G3
2026-01-22 16:24:05 INFO  org.example.lab5.Group - Student index=S12350 added to group='G3'
2026-01-22 16:24:05 INFO  org.example.lab5.GroupRegistry - Assigned personId=0000007 to group=G3
2026-01-22 16:24:05 INFO  org.example.lab5.Group - Student index=S12351 added to group='G3'
2026-01-22 16:24:05 INFO  org.example.lab5.GroupRegistry - Assigned personId=0000008 to group=G3
2026-01-22 16:24:05 INFO  org.example.lab5.Group - Student index=S12352 added to group='G3'
2026-01-22 16:24:06 INFO  org.example.lab7.StudentManagerSwing - Successfully imported 3 groups
2026-01-22 16:24:31 DEBUG org.example.lab5.Person - Created Person id=0000009 name=Test Test birth=02.11.2002 gender=MALE
2026-01-22 16:24:31 INFO  org.example.lab5.Student - New Student created: index=411382 personId=0000009
2026-01-22 16:24:31 DEBUG org.example.lab5.Student - Added grade=3.5 to student index=411382 (now 1 grades)
2026-01-22 16:24:31 DEBUG org.example.lab5.Student - Added grade=4.0 to student index=411382 (now 2 grades)
2026-01-22 16:24:31 DEBUG org.example.lab5.Student - Added grade=5.0 to student index=411382 (now 3 grades)
2026-01-22 16:24:31 INFO  org.example.lab5.GroupRegistry - Assigned personId=0000009 to group=G1
2026-01-22 16:24:31 INFO  org.example.lab5.Group - Student index=411382 added to group='G1'
2026-01-22 16:24:31 INFO  org.example.lab7.StudentManagerSwing - Student added via GUI: Test Test (index: 411382)
2026-01-22 16:24:50 DEBUG org.example.lab5.GroupRegistry - Unassigned personId=0000001 from registry
2026-01-22 16:24:50 INFO  org.example.lab5.Group - Student index=S12345 removed from group='G1'
2026-01-22 16:24:50 INFO  org.example.lab7.StudentManagerSwing - Student removed via GUI: Anna Kowalska
2026-01-22 16:24:55 DEBUG org.example.lab5.GroupRegistry - Unassigned personId=0000003 from registry
2026-01-22 16:24:55 INFO  org.example.lab5.Group - Student index=S12347 removed from group='G1'
2026-01-22 16:24:55 INFO  org.example.lab7.StudentManagerSwing - Student 0000003 removed from group G1
2026-01-22 16:24:55 INFO  org.example.lab5.GroupRegistry - Assigned personId=0000003 to group=G2
2026-01-22 16:24:55 INFO  org.example.lab5.Group - Student index=S12347 added to group='G2'
2026-01-22 16:24:55 INFO  org.example.lab7.StudentManagerSwing - Student 0000003 transferred to group G2
